0 info it worked if it ends with ok
1 verbose cli [ '/usr/local/bin/node',
1 verbose cli   '/usr/local/bin/npm',
1 verbose cli   '-g',
1 verbose cli   'install',
1 verbose cli   'ios-deploy' ]
2 info using npm@4.0.5
3 info using node@v7.4.0
4 silly loadCurrentTree Starting
5 silly install loadCurrentTree
6 silly install readGlobalPackageData
7 silly fetchPackageMetaData ios-deploy
8 silly fetchNamedPackageData ios-deploy
9 silly mapToRegistry name ios-deploy
10 silly mapToRegistry using default registry
11 silly mapToRegistry registry https://registry.npmjs.org/
12 silly mapToRegistry data Result {
12 silly mapToRegistry   raw: 'ios-deploy',
12 silly mapToRegistry   scope: null,
12 silly mapToRegistry   escapedName: 'ios-deploy',
12 silly mapToRegistry   name: 'ios-deploy',
12 silly mapToRegistry   rawSpec: '',
12 silly mapToRegistry   spec: 'latest',
12 silly mapToRegistry   type: 'tag' }
13 silly mapToRegistry uri https://registry.npmjs.org/ios-deploy
14 verbose request uri https://registry.npmjs.org/ios-deploy
15 verbose request no auth needed
16 info attempt registry request try #1 at 5:25:08 PM
17 verbose request id e39c6430624a30fb
18 verbose etag W/"5949a7a7-a58e"
19 verbose lastModified Tue, 20 Jun 2017 22:54:31 GMT
20 http request GET https://registry.npmjs.org/ios-deploy
21 http 304 https://registry.npmjs.org/ios-deploy
22 verbose headers { date: 'Thu, 27 Jul 2017 22:25:08 GMT',
22 verbose headers   via: '1.1 varnish',
22 verbose headers   'cache-control': 'max-age=300',
22 verbose headers   etag: 'W/"5949a7a7-a58e"',
22 verbose headers   age: '94',
22 verbose headers   connection: 'keep-alive',
22 verbose headers   'x-served-by': 'cache-dfw1838-DFW',
22 verbose headers   'x-cache': 'HIT',
22 verbose headers   'x-cache-hits': '1',
22 verbose headers   'x-timer': 'S1501194309.533511,VS0,VE0',
22 verbose headers   vary: 'Accept-Encoding, Accept' }
23 silly get cb [ 304,
23 silly get   { date: 'Thu, 27 Jul 2017 22:25:08 GMT',
23 silly get     via: '1.1 varnish',
23 silly get     'cache-control': 'max-age=300',
23 silly get     etag: 'W/"5949a7a7-a58e"',
23 silly get     age: '94',
23 silly get     connection: 'keep-alive',
23 silly get     'x-served-by': 'cache-dfw1838-DFW',
23 silly get     'x-cache': 'HIT',
23 silly get     'x-cache-hits': '1',
23 silly get     'x-timer': 'S1501194309.533511,VS0,VE0',
23 silly get     vary: 'Accept-Encoding, Accept' } ]
24 verbose etag https://registry.npmjs.org/ios-deploy from cache
25 verbose get saving ios-deploy to /Users/johnfalcon/.npm/registry.npmjs.org/ios-deploy/.cache.json
26 verbose correctMkdir /Users/johnfalcon/.npm correctMkdir not in flight; initializing
27 silly install normalizeTree
28 silly loadCurrentTree Finishing
29 silly loadIdealTree Starting
30 silly install loadIdealTree
31 silly cloneCurrentTree Starting
32 silly install cloneCurrentTreeToIdealTree
33 silly cloneCurrentTree Finishing
34 silly loadShrinkwrap Starting
35 silly install loadShrinkwrap
36 silly loadShrinkwrap Finishing
37 silly loadAllDepsIntoIdealTree Starting
38 silly install loadAllDepsIntoIdealTree
39 silly resolveWithNewModule ios-deploy@1.9.1 checking installable status
40 silly cache add args [ 'ios-deploy', null ]
41 verbose cache add spec ios-deploy
42 silly cache add parsed spec Result {
42 silly cache add   raw: 'ios-deploy',
42 silly cache add   scope: null,
42 silly cache add   escapedName: 'ios-deploy',
42 silly cache add   name: 'ios-deploy',
42 silly cache add   rawSpec: '',
42 silly cache add   spec: 'latest',
42 silly cache add   type: 'tag' }
43 silly addNamed ios-deploy@latest
44 verbose addNamed "latest" is being treated as a dist-tag for ios-deploy
45 info addNameTag [ 'ios-deploy', 'latest' ]
46 silly mapToRegistry name ios-deploy
47 silly mapToRegistry using default registry
48 silly mapToRegistry registry https://registry.npmjs.org/
49 silly mapToRegistry data Result {
49 silly mapToRegistry   raw: 'ios-deploy',
49 silly mapToRegistry   scope: null,
49 silly mapToRegistry   escapedName: 'ios-deploy',
49 silly mapToRegistry   name: 'ios-deploy',
49 silly mapToRegistry   rawSpec: '',
49 silly mapToRegistry   spec: 'latest',
49 silly mapToRegistry   type: 'tag' }
50 silly mapToRegistry uri https://registry.npmjs.org/ios-deploy
51 verbose addNameTag registry:https://registry.npmjs.org/ios-deploy not in flight; fetching
52 verbose get https://registry.npmjs.org/ios-deploy not expired, no request
53 silly addNameTag next cb for ios-deploy with tag latest
54 silly addNamed ios-deploy@1.9.1
55 verbose addNamed "1.9.1" is a plain semver version for ios-deploy
56 silly cache afterAdd ios-deploy@1.9.1
57 verbose afterAdd /Users/johnfalcon/.npm/ios-deploy/1.9.1/package/package.json not in flight; writing
58 verbose correctMkdir /Users/johnfalcon/.npm correctMkdir not in flight; initializing
59 verbose afterAdd /Users/johnfalcon/.npm/ios-deploy/1.9.1/package/package.json written
60 silly loadAllDepsIntoIdealTree Finishing
61 silly loadIdealTree Finishing
62 silly currentTree lib
63 silly idealTree lib
63 silly idealTree └── ios-deploy@1.9.1
64 silly generateActionsToTake Starting
65 silly install generateActionsToTake
66 warn checkPermissions Missing write access to /usr/local/lib/node_modules
67 silly rollbackFailedOptional Starting
68 silly rollbackFailedOptional Finishing
69 silly runTopLevelLifecycles Finishing
70 silly install printInstalled
71 verbose stack Error: EACCES: permission denied, access '/usr/local/lib/node_modules'
72 verbose cwd /Users/johnfalcon/Sites/Apps/pickwin
73 error Darwin 16.6.0
74 error argv "/usr/local/bin/node" "/usr/local/bin/npm" "-g" "install" "ios-deploy"
75 error node v7.4.0
76 error npm  v4.0.5
77 error path /usr/local/lib/node_modules
78 error code EACCES
79 error errno -13
80 error syscall access
81 error Error: EACCES: permission denied, access '/usr/local/lib/node_modules'
81 error  { Error: EACCES: permission denied, access '/usr/local/lib/node_modules'
81 error   errno: -13,
81 error   code: 'EACCES',
81 error   syscall: 'access',
81 error   path: '/usr/local/lib/node_modules' }
82 error Please try running this command again as root/Administrator.
83 verbose exit [ -13, true ]
